0 info it worked if it ends with ok
1 verbose cli [ 'C:\\Program Files (x86)\\nodejs\\node.exe',
1 verbose cli   'C:\\Program Files (x86)\\nodejs\\node_modules\\npm\\bin\\npm-cli.js',
1 verbose cli   'publish' ]
2 info using npm@2.14.4
3 info using node@v4.1.1
4 verbose publish [ '.' ]
5 silly cache add args [ '.', null ]
6 verbose cache add spec .
7 silly cache add parsed spec Result {
7 silly cache add   raw: '.',
7 silly cache add   scope: null,
7 silly cache add   name: null,
7 silly cache add   rawSpec: '.',
7 silly cache add   spec: 'E:\\easycoding',
7 silly cache add   type: 'directory' }
8 verbose addLocalDirectory C:\Users\sn\AppData\Roaming\npm-cache\easycoding\0.0.1\package.tgz not in flight; packing
9 verbose tar pack [ 'C:\\Users\\sn\\AppData\\Roaming\\npm-cache\\easycoding\\0.0.1\\package.tgz',
9 verbose tar pack   'E:\\easycoding' ]
10 verbose tarball C:\Users\sn\AppData\Roaming\npm-cache\easycoding\0.0.1\package.tgz
11 verbose folder E:\easycoding
12 info prepublish easycoding@0.0.1
13 verbose addLocalTarball adding from inside cache C:\Users\sn\AppData\Roaming\npm-cache\easycoding\0.0.1\package.tgz
14 silly cache afterAdd easycoding@0.0.1
15 verbose afterAdd C:\Users\sn\AppData\Roaming\npm-cache\easycoding\0.0.1\package\package.json not in flight; writing
16 verbose afterAdd C:\Users\sn\AppData\Roaming\npm-cache\easycoding\0.0.1\package\package.json written
17 silly publish { name: 'easycoding',
17 silly publish   version: '0.0.1',
17 silly publish   repository: '',
17 silly publish   gitHead: 'f8b3dc78a7fea5a061dfc5c6fef6ddd8cb7d7867',
17 silly publish   readme: 'ERROR: No README data found!',
17 silly publish   _id: 'easycoding@0.0.1',
17 silly publish   scripts: {},
17 silly publish   _shasum: 'ee782f5ccfad79960707ef0857b689719b2702a7',
17 silly publish   _from: '.' }
18 verbose getPublishConfig undefined
19 silly mapToRegistry name easycoding
20 silly mapToRegistry using default registry
21 silly mapToRegistry registry https://registry.npm.taobao.org/
22 silly mapToRegistry uri https://registry.npm.taobao.org/easycoding
23 verbose publish registryBase https://registry.npm.taobao.org/
24 silly publish uploading C:\Users\sn\AppData\Roaming\npm-cache\easycoding\0.0.1\package.tgz
25 verbose request uri https://registry.npm.taobao.org/easycoding
26 verbose request sending authorization for write operation
27 info attempt registry request try #1 at 16:02:15
28 verbose request id 8e11221e04cb8e10
29 http request PUT https://registry.npm.taobao.org/easycoding
30 http 403 https://registry.npm.taobao.org/easycoding
31 verbose headers { date: 'Wed, 22 Jun 2016 08:02:15 GMT',
31 verbose headers   'content-type': 'application/json; charset=utf-8',
31 verbose headers   'content-length': '87',
31 verbose headers   connection: 'keep-alive',
31 verbose headers   'x-readtime': '147' }
32 verbose request invalidating C:\Users\sn\AppData\Roaming\npm-cache\registry.npm.taobao.org\easycoding on PUT
33 error publish Failed PUT 403
34 verbose stack Error: no_perms Private mode enable, only admin can publish this module: easycoding
34 verbose stack     at makeError (C:\Program Files (x86)\nodejs\node_modules\npm\node_modules\npm-registry-client\lib\request.js:263:12)
34 verbose stack     at CachingRegistryClient.<anonymous> (C:\Program Files (x86)\nodejs\node_modules\npm\node_modules\npm-registry-client\lib\request.js:251:14)
34 verbose stack     at Request._callback (C:\Program Files (x86)\nodejs\node_modules\npm\node_modules\npm-registry-client\lib\request.js:171:14)
34 verbose stack     at Request.self.callback (C:\Program Files (x86)\nodejs\node_modules\npm\node_modules\request\request.js:198:22)
34 verbose stack     at emitTwo (events.js:87:13)
34 verbose stack     at Request.emit (events.js:172:7)
34 verbose stack     at Request.<anonymous> (C:\Program Files (x86)\nodejs\node_modules\npm\node_modules\request\request.js:1073:14)
34 verbose stack     at emitOne (events.js:82:20)
34 verbose stack     at Request.emit (events.js:169:7)
34 verbose stack     at IncomingMessage.<anonymous> (C:\Program Files (x86)\nodejs\node_modules\npm\node_modules\request\request.js:1019:12)
35 verbose statusCode 403
36 verbose pkgid easycoding
37 verbose cwd E:\easycoding
38 error Windows_NT 10.0.10586
39 error argv "C:\\Program Files (x86)\\nodejs\\node.exe" "C:\\Program Files (x86)\\nodejs\\node_modules\\npm\\bin\\npm-cli.js" "publish"
40 error node v4.1.1
41 error npm  v2.14.4
42 error code E403
43 error no_perms Private mode enable, only admin can publish this module: easycoding
44 error If you need help, you may report this error at:
44 error     <https://github.com/npm/npm/issues>
45 verbose exit [ 1, true ]
